<?xml version="1.0" encoding="UTF-8"?>
<!-- Generated by org.testng.reporters.JUnitReportReporter -->
<testsuite skipped="0" hostname="Suchi" name="parallel.ParallelRun" tests="2" failures="1" timestamp="2022-05-10T23:46:41 IST" time="25.223" errors="0">
  <testcase name="runScenario" time="11.944" classname="parallel.ParallelRun"/>
  <system-out/>
  <testcase name="runScenario" time="13.279" classname="parallel.ParallelRun">
    <failure type="java.lang.AssertionError">
      <![CDATA[java.lang.AssertionError
at org.junit.Assert.fail(Assert.java:86)
at org.junit.Assert.assertTrue(Assert.java:41)
at org.junit.Assert.assertTrue(Assert.java:52)
at parallel.Homepagestepdefinition.accounts_section_count_should_be(Homepagestepdefinition.java:58)
at âœ½.accounts section count should be 11(classpath:parallel/Homepage.feature:23)
]]>
    </failure>
  </testcase> <!-- runScenario -->
  <system-out/>
</testsuite> <!-- parallel.ParallelRun -->
