<?xml version="1.0" encoding="UTF-8"?>
<!-- Generated by org.testng.reporters.JUnitReportReporter -->
<testsuite skipped="0" hostname="Suchi" name="extentreports.LoginPage1" tests="1" failures="0" timestamp="2022-06-30T10:58:23 IST" time="40.478" errors="0">
  <testcase name="LoginPage1_test" time="40.478" classname="extentreports.LoginPage1"/>
  <system-out/>
</testsuite> <!-- extentreports.LoginPage1 -->
