<?xml version="1.0" encoding="UTF-8"?>
<!-- Generated by org.testng.reporters.JUnitReportReporter -->
<testsuite hostname="SaiMadhuri" failures="0" tests="1" name="testrunner.MyTestRunner_Class" time="421.493" errors="0" timestamp="2022-10-18T16:26:38 IST" skipped="0">
  <testcase classname="testrunner.MyTestRunner_Class" name="runScenario" time="421.493"/>
  <system-out/>
</testsuite> <!-- testrunner.MyTestRunner_Class -->
